Name                                            Stmts   Miss  Cover   Missing
-----------------------------------------------------------------------------
skills/konecty-data/scripts/create.py             129     91    29%   25-47, 56-57, 59-67, 89-90, 93, 103-110, 115-153, 157-200, 204
skills/konecty-data/scripts/delete.py             163     75    54%   47-69, 81-89, 121, 131-132, 135, 137, 182-184, 205-229, 233-288, 292
skills/konecty-data/scripts/find.py               227    113    50%   25-47, 59-67, 102-103, 109-122, 145, 147, 158, 171-177, 189, 193, 199, 201, 203, 211-214, 219, 226, 228, 236-239, 244, 248-336, 340
skills/konecty-data/scripts/modules.py            169     87    49%   27-49, 65-73, 79-80, 94-115, 121-122, 139-140, 143-147, 184-185, 192-227, 231
skills/konecty-data/scripts/update.py             168     80    52%   29-51, 63-71, 102, 106, 117-118, 121, 123, 152-153, 157-158, 161, 163, 179-180, 202-206, 210-266, 270
skills/konecty-data/scripts/upload.py             267    267     0%   7-462
skills/konecty-meta/scripts/meta_access.py         96     46    52%   23-24, 36, 40, 65-71, 75-85, 89-97, 101-104, 108-118
skills/konecty-meta/scripts/meta_doctor.py         86     24    72%   23-24, 40-41, 55-59, 86-90, 99, 104-106, 110-117
skills/konecty-meta/scripts/meta_document.py      187    105    44%   23-40, 46-48, 50-51, 65-68, 109, 113-114, 141-168, 172-176, 180-187, 191-235, 239
skills/konecty-meta/scripts/meta_hook.py          140     57    59%   56-57, 73, 78-83, 92, 98, 115, 118, 124-125, 131, 137-138, 141-142, 146-147, 152-155, 164-165, 171-174, 178-194, 198-213
skills/konecty-meta/scripts/meta_list.py           81     32    60%   23-24, 60-70, 74-81, 92-102
skills/konecty-meta/scripts/meta_namespace.py     148     89    40%   23-24, 36, 40, 49, 56-57, 71, 80-92, 102-113, 117-128, 132-138, 142-156, 160-167, 171-174, 178-198
skills/konecty-meta/scripts/meta_pivot.py          46     14    70%   22-23, 35, 39, 49-52, 56-61
skills/konecty-meta/scripts/meta_read.py          152     87    43%   25-48, 57-60, 66-68, 71-72, 76-77, 96-98, 101-102, 107, 113-114, 120-142, 148-150, 153-154, 159-160, 176-201, 205
skills/konecty-meta/scripts/meta_remove.py        316    172    46%   32, 47-53, 72, 78, 80-81, 101-104, 107, 115, 136, 156-157, 161-162, 204-206, 208-209, 220-221, 232-239, 243-249, 253-259, 263-265, 272-366, 370-407, 411-434, 438
skills/konecty-meta/scripts/meta_sync.py          311    269    14%   25, 40-43, 48-51, 56, 60-69, 74-120, 124-136, 141-145, 149-159, 163-171, 175-189, 193-211, 215-233, 237-284, 288-313, 317-371, 375-409
skills/konecty-meta/scripts/meta_view.py           75     16    79%   22-23, 35, 39, 62, 82-85, 89-95
skills/konecty-meta/scripts/modules.py            169    169     0%   7-231
-----------------------------------------------------------------------------
TOTAL                                            2930   1793    39%
